ffmpeg started on 2025-02-01 at 06:59:14
Report written to "ffmpeg-20250201-065914.log"
Log level: 48
Command line:
ffmpeg -i "uploads\\1738385952641-astra-galactic-strategist.1920x1080.mp4" -map 0:v -c:v libx264 -crf 23 -preset medium -g 48 -map 0:v -c:v libx264 -crf 28 -preset fast -g 48 -map 0:v -c:v libx264 -crf 32 -preset fast -g 48 -map 0:a -c:a aac -b:a 128k -hls_time 10 -hls_playlist_type vod -hls_flags independent_segments -report -f hls "public\\videos\\2f9166aa-317d-466d-aa4c-2653f24c35d2\\output.m3u8"
ffmpeg version N-117701-g2d81eaa37b-20241103 Copyright (c) 2000-2024 the FFmpeg developers
  built with gcc 14.2.0 (crosstool-NG 1.26.0.120_4d36f27)
  configuration: --prefix=/ffbuild/prefix --pkg-config-flags=--static --pkg-config=pkg-config --cross-prefix=x86_64-w64-mingw32- --arch=x86_64 --target-os=mingw32 --enable-gpl --enable-version3 --disable-debug --disable-w32threads --enable-pthreads --enable-iconv --enable-zlib --enable-libfreetype --enable-libfribidi --enable-gmp --enable-libxml2 --enable-lzma --enable-fontconfig --enable-libharfbuzz --enable-libvorbis --enable-opencl --disable-libpulse --enable-libvmaf --disable-libxcb --disable-xlib --enable-amf --enable-libaom --enable-libaribb24 --enable-avisynth --enable-chromaprint --enable-libdav1d --enable-libdavs2 --enable-libdvdread --enable-libdvdnav --disable-libfdk-aac --enable-ffnvcodec --enable-cuda-llvm --enable-frei0r --enable-libgme --enable-libkvazaar --enable-libaribcaption --enable-libass --enable-libbluray --enable-libjxl --enable-libmp3lame --enable-libopus --enable-librist --enable-libssh --enable-libtheora --enable-libvpx --enable-libwebp --enable-libzmq --enable-lv2 --enable-libvpl   libavutil      59. 46.100 / 59. 46.100
  libavcodec     61. 24.100 / 61. 24.100
  libavformat    61.  9.100 / 61.  9.100
  libavdevice    61.  4.100 / 61.  4.100
  libavfilter    10.  6.101 / 10.  6.101
  libswscale      8.  9.101 /  8.  9.101
  libswresample   5.  4.100 /  5.  4.100
  libpostproc    58.  4.100 / 58.  4.100
Splitting the commandline.
Reading option '-i' ... matched as input url with argument 'uploads\1738385952641-astra-galactic-strategist.1920x1080.mp4'.
Reading option '-map' ... matched as option 'map' (set input stream mapping) with argument '0:v'.
Reading option '-c:v' ... matched as option 'c' (select encoder/decoder ('copy' to copy stream without reencoding)) with argument 'libx264'.
Reading option '-crf' ... matched as AVOption 'crf' with argument '23'.
Reading option '-preset' ... matched as AVOption 'preset' with argument 'medium'.
Reading option '-g' ... matched as AVOption 'g' with argument '48'.
Reading option '-map' ... matched as option 'map' (set input stream mapping) with argument '0:v'.
Reading option '-c:v' ... matched as option 'c' (select encoder/decoder ('copy' to copy stream without reencoding)) with argument 'libx264'.
Reading option '-crf' ... matched as AVOption 'crf' with argument '28'.
Reading option '-preset' ... matched as AVOption 'preset' with argument 'fast'.
Reading option '-g' ... matched as AVOption 'g' with argument '48'.
Reading option '-map' ... matched as option 'map' (set input stream mapping) with argument '0:v'.
Reading option '-c:v' ... matched as option 'c' (select encoder/decoder ('copy' to copy stream without reencoding)) with argument 'libx264'.
Reading option '-crf' ... matched as AVOption 'crf' with argument '32'.
Reading option '-preset' ... matched as AVOption 'preset' with argument 'fast'.
Reading option '-g' ... matched as AVOption 'g' with argument '48'.
Reading option '-map' ... matched as option 'map' (set input stream mapping) with argument '0:a'.
Reading option '-c:a' ... matched as option 'c' (select encoder/decoder ('copy' to copy stream without reencoding)) with argument 'aac'.
Reading option '-b:a' ... matched as option 'b' (video bitrate (please use -b:v)) with argument '128k'.
Reading option '-hls_time' ... matched as AVOption 'hls_time' with argument '10'.
Reading option '-hls_playlist_type' ... matched as AVOption 'hls_playlist_type' with argument 'vod'.
Reading option '-hls_flags' ... matched as AVOption 'hls_flags' with argument 'independent_segments'.
Reading option '-report' ... matched as option 'report' (generate a report) with argument '1'.
Reading option '-f' ... matched as option 'f' (force container format (auto-detected otherwise)) with argument 'hls'.
Reading option 'public\videos\2f9166aa-317d-466d-aa4c-2653f24c35d2\output.m3u8' ... matched as output url.
Finished splitting the commandline.
Parsing a group of options: global .
Applying option report (generate a report) with argument 1.
Successfully parsed a group of options.
Parsing a group of options: input url uploads\1738385952641-astra-galactic-strategist.1920x1080.mp4.
Successfully parsed a group of options.
Opening an input file: uploads\1738385952641-astra-galactic-strategist.1920x1080.mp4.
[AVFormatContext @ 000001d3e9cfd080] Opening 'uploads\1738385952641-astra-galactic-strategist.1920x1080.mp4' for reading
[file @ 000001d3e9ca1f00] Setting default whitelist 'file,crypto,data'
[mov,mp4,m4a,3gp,3g2,mj2 @ 000001d3e9cfd080] Format mov,mp4,m4a,3gp,3g2,mj2 probed with size=2048 and score=100
[mov,mp4,m4a,3gp,3g2,mj2 @ 000001d3e9cfd080] ISO: File Type Major Brand: isom
[mov,mp4,m4a,3gp,3g2,mj2 @ 000001d3e9cfd080] Unknown dref type 0x206c7275 size 12
[mov,mp4,m4a,3gp,3g2,mj2 @ 000001d3e9cfd080] Processing st: 0, edit list 0 - media time: 1024, duration: 226314
[mov,mp4,m4a,3gp,3g2,mj2 @ 000001d3e9cfd080] Offset DTS by 1024 to make first pts zero.
[mov,mp4,m4a,3gp,3g2,mj2 @ 000001d3e9cfd080] Setting codecpar->delay to 2 for stream st: 0
[mov,mp4,m4a,3gp,3g2,mj2 @ 000001d3e9cfd080] Before avformat_find_stream_info() pos: 3110323 bytes read:38912 seeks:1 nb_streams:1
[h264 @ 000001d3e9cff540] nal_unit_type: 7(SPS), nal_ref_idc: 3
[h264 @ 000001d3e9cff540] Decoding VUI
[h264 @ 000001d3e9cff540] nal_unit_type: 8(PPS), nal_ref_idc: 3
[h264 @ 000001d3e9cff540] nal_unit_type: 7(SPS), nal_ref_idc: 3
[h264 @ 000001d3e9cff540] Decoding VUI
[h264 @ 000001d3e9cff540] nal_unit_type: 8(PPS), nal_ref_idc: 3
[h264 @ 000001d3e9cff540] nal_unit_type: 6(SEI), nal_ref_idc: 0
[h264 @ 000001d3e9cff540] nal_unit_type: 5(IDR), nal_ref_idc: 3
[h264 @ 000001d3e9cff540] Format yuv420p chosen by get_format().
[h264 @ 000001d3e9cff540] Reinit context to 1920x1088, pix_fmt: yuv420p
[h264 @ 000001d3e9cff540] no picture 
[mov,mp4,m4a,3gp,3g2,mj2 @ 000001d3e9cfd080] All info found
[mov,mp4,m4a,3gp,3g2,mj2 @ 000001d3e9cfd080] After avformat_find_stream_info() pos: 62470 bytes read:101334 seeks:2 frames:1
Input #0, mov,mp4,m4a,3gp,3g2,mj2, from 'uploads\1738385952641-astra-galactic-strategist.1920x1080.mp4':
  Metadata:
    major_brand     : isom
    minor_version   : 512
    compatible_brands: isomiso2avc1mp41
    encoder         : Lavf58.76.100
  Duration: 00:00:14.73, start: 0.000000, bitrate: 1688 kb/s
  Stream #0:0[0x1](und), 1, 1/15360: Video: h264 (High) (avc1 / 0x31637661), yuv420p(tv, bt709, progressive), 1920x1080 [SAR 1:1 DAR 16:9], 1685 kb/s, 30 fps, 30 tbr, 15360 tbn (default)
    Metadata:
      handler_name    : VideoHandler
      vendor_id       : [0][0][0][0]
Successfully opened the file.
Parsing a group of options: output url public\videos\2f9166aa-317d-466d-aa4c-2653f24c35d2\output.m3u8.
Applying option map (set input stream mapping) with argument 0:v.
Applying option c:v (select encoder/decoder ('copy' to copy stream without reencoding)) with argument libx264.
Applying option map (set input stream mapping) with argument 0:v.
Applying option c:v (select encoder/decoder ('copy' to copy stream without reencoding)) with argument libx264.
Applying option map (set input stream mapping) with argument 0:v.
Applying option c:v (select encoder/decoder ('copy' to copy stream without reencoding)) with argument libx264.
Applying option map (set input stream mapping) with argument 0:a.
Stream map '' matches no streams.
To ignore this, add a trailing '?' to the map.
Failed to set value '0:a' for option 'map': Invalid argument
Error parsing options for output file public\videos\2f9166aa-317d-466d-aa4c-2653f24c35d2\output.m3u8.
Error opening output files: Invalid argument
[AVIOContext @ 000001d3e9d06e00] Statistics: 101334 bytes read, 2 seeks
